c:\users\msteinlage\source\repos\cs-250-project-14\pythonlistfixedarraystarter\pythonlistfastarterproject\pythonlistfastarterproject\x64\debug\vc141.pdb
c:\users\msteinlage\source\repos\cs-250-project-14\pythonlistfixedarraystarter\pythonlistfastarterproject\pythonlistfastarterproject\x64\debug\vc141.idb
c:\users\msteinlage\source\repos\cs-250-project-14\pythonlistfixedarraystarter\pythonlistfastarterproject\pythonlistfastarterproject\x64\debug\pythonlisttesterimplementation.obj
c:\users\msteinlage\source\repos\cs-250-project-14\pythonlistfixedarraystarter\pythonlistfastarterproject\pythonlistfastarterproject\x64\debug\pythonlistfadriver.obj
c:\users\msteinlage\source\repos\cs-250-project-14\pythonlistfixedarraystarter\pythonlistfastarterproject\pythonlistfastarterproject\x64\debug\pythonlistfa.obj
c:\users\msteinlage\source\repos\cs-250-project-18\pythonlistfixedarraystarter\pythonlistfastarterproject\pythonlistfastarterproject\x64\debug\vc141.pdb
c:\users\msteinlage\source\repos\cs-250-project-18\pythonlistfixedarraystarter\pythonlistfastarterproject\pythonlistfastarterproject\x64\debug\vc141.idb
c:\users\msteinlage\source\repos\cs-250-project-18\pythonlistfixedarraystarter\pythonlistfastarterproject\pythonlistfastarterproject\x64\debug\pythonlisttesterimplementation.obj
c:\users\msteinlage\source\repos\cs-250-project-18\pythonlistfixedarraystarter\pythonlistfastarterproject\pythonlistfastarterproject\x64\debug\pythonlistfadriver.obj
c:\users\msteinlage\source\repos\cs-250-project-18\pythonlistfixedarraystarter\pythonlistfastarterproject\pythonlistfastarterproject\x64\debug\pythonlistfa.obj
c:\users\msteinlage\source\repos\cs-250-project-14\pythonlistfixedarraystarter\pythonlistfastarterproject\x64\debug\pythonlistfastarterproject.exe
c:\users\msteinlage\source\repos\cs-250-project-14\pythonlistfixedarraystarter\pythonlistfastarterproject\x64\debug\pythonlistfastarterproject.ilk
c:\users\msteinlage\source\repos\cs-250-project-14\pythonlistfixedarraystarter\pythonlistfastarterproject\x64\debug\pythonlistfastarterproject.pdb
c:\users\msteinlage\source\repos\cs-250-project-18\pythonlistfixedarraystarter\pythonlistfastarterproject\pythonlistfastarterproject\x64\debug\pythonlistfa.obj.enc
c:\users\msteinlage\source\repos\cs-250-project-18\pythonlistfixedarraystarter\pythonlistfastarterproject\pythonlistfastarterproject\x64\debug\pythonlisttesterimplementation.obj.enc
c:\users\msteinlage\source\repos\cs-250-project-18\pythonlistfixedarraystarter\pythonlistfastarterproject\x64\debug\pythonlistfastarterproject.pdb
c:\users\msteinlage\source\repos\cs-250-project-18\pythonlistfixedarraystarter\pythonlistfastarterproject\pythonlistfastarterproject\x64\debug\pythonli.679872ea.tlog\cl.command.1.tlog
c:\users\msteinlage\source\repos\cs-250-project-18\pythonlistfixedarraystarter\pythonlistfastarterproject\pythonlistfastarterproject\x64\debug\pythonli.679872ea.tlog\cl.read.1.tlog
c:\users\msteinlage\source\repos\cs-250-project-18\pythonlistfixedarraystarter\pythonlistfastarterproject\pythonlistfastarterproject\x64\debug\pythonli.679872ea.tlog\cl.write.1.tlog
c:\users\msteinlage\source\repos\cs-250-project-18\pythonlistfixedarraystarter\pythonlistfastarterproject\pythonlistfastarterproject\x64\debug\pythonli.679872ea.tlog\link-cvtres.read.1.tlog
c:\users\msteinlage\source\repos\cs-250-project-18\pythonlistfixedarraystarter\pythonlistfastarterproject\pythonlistfastarterproject\x64\debug\pythonli.679872ea.tlog\link-cvtres.write.1.tlog
c:\users\msteinlage\source\repos\cs-250-project-18\pythonlistfixedarraystarter\pythonlistfastarterproject\pythonlistfastarterproject\x64\debug\pythonli.679872ea.tlog\link-rc.read.1.tlog
c:\users\msteinlage\source\repos\cs-250-project-18\pythonlistfixedarraystarter\pythonlistfastarterproject\pythonlistfastarterproject\x64\debug\pythonli.679872ea.tlog\link-rc.write.1.tlog
c:\users\msteinlage\source\repos\cs-250-project-18\pythonlistfixedarraystarter\pythonlistfastarterproject\pythonlistfastarterproject\x64\debug\pythonli.679872ea.tlog\link.command.1.tlog
c:\users\msteinlage\source\repos\cs-250-project-18\pythonlistfixedarraystarter\pythonlistfastarterproject\pythonlistfastarterproject\x64\debug\pythonli.679872ea.tlog\link.read.1.tlog
c:\users\msteinlage\source\repos\cs-250-project-18\pythonlistfixedarraystarter\pythonlistfastarterproject\pythonlistfastarterproject\x64\debug\pythonli.679872ea.tlog\link.write.1.tlog
